     128       1       1  2.963472554E-002  0.000000000E+000
     129       1       1  3.611453446E-002  0.000000000E+000
     130       1       1  4.381604954E-002  0.000000000E+000
     131       1       1  5.292422456E-002  0.000000000E+000
     132       1       1  6.364230121E-002  0.000000000E+000
     133       1       1  1.048218160E-001  0.000000000E+000
     134       1       1  1.259574376E-001  0.000000000E+000
     135       1       1  1.506984487E-001  0.000000000E+000
     136       1       1  1.795169450E-001  0.000000000E+000
     137       1       1  2.129181315E-001  0.000000000E+000
     138       1       1  2.514369823E-001  0.000000000E+000
     139       1       1  2.956335477E-001  0.000000000E+000
     140       1       1  3.460867876E-001  0.000000000E+000
     141       1       1  4.033868382E-001  0.000000000E+000
     142       1       1  4.681256548E-001  0.000000000E+000
     143       1       1  5.408860158E-001  0.000000000E+000
     144       1       1  6.222289276E-001  0.000000000E+000
     145       1       1  7.126795287E-001  0.000000000E+000
     146       1       1  8.127116559E-001  0.000000000E+000
     147       1       1  9.227313091E-001  0.000000000E+000
     148       1       1  1.043059319E+000  0.000000000E+000
     149       1       1  1.173913595E+000  0.000000000E+000
     150       1       1  1.315391403E+000  0.000000000E+000
     151       1       1  1.497774191E+000  0.000000000E+000
     152       1       1  1.667965543E+000  0.000000000E+000
     153       1       1  1.849884927E+000  0.000000000E+000
     154       1       1  2.077261972E+000  0.000000000E+000
     155       1       1  2.290459664E+000  0.000000000E+000
     156       1       1  2.516099871E+000  0.000000000E+000
     157       1       1  2.753794616E+000  0.000000000E+000
     158       1       1  3.003028977E+000  0.000000000E+000
     159       1       1  3.296889269E+000  0.000000000E+000
     160       1       1  3.576140377E+000  0.000000000E+000
     161       1       1  3.866706052E+000  0.000000000E+000
     162       1       1  4.167975786E+000  0.000000000E+000
     163       1       1  4.479281738E+000  0.000000000E+000
     164       1       1  4.799905555E+000  0.000000000E+000
     165       1       1  5.129083237E+000  0.000000000E+000
     166       1       1  5.495392034E+000  0.000000000E+000
     167       1       1  5.847635499E+000  0.000000000E+000
     168       1       1  6.207951937E+000  0.000000000E+000
     169       1       1  6.609204277E+000  0.000000000E+000
     170       1       1  7.025042160E+000  0.000000000E+000
     171       1       1  7.427378467E+000  0.000000000E+000
     172       1       1  7.840567162E+000  0.000000000E+000
     173       1       1  8.264858947E+000  1.000000000E+002
     174       1       1  8.700509664E+000  0.000000000E+000
     175       1       1  9.147742991E+000  0.000000000E+000
     176       1       1  9.637301262E+000  0.000000000E+000
     177       1       1  1.011738898E+001  1.000000000E+002
     178       1       1  1.064964809E+001  0.000000000E+000
     179       1       1  1.116942291E+001  0.000000000E+000
     180       1       1  1.170620683E+001  0.000000000E+000
     181       1       1  1.226020003E+001  0.000000000E+000
     182       1       1  1.286343608E+001  0.000000000E+000
     183       1       1  1.346140160E+001  0.000000000E+000
     184       1       1  1.407801662E+001  0.000000000E+000
     185       1       1  1.471260101E+001  0.000000000E+000
     186       1       1  1.536403658E+001  0.000000000E+000
     187       1       1  1.603071167E+001  0.000000000E+000
     188       1       1  1.671046885E+001  0.000000000E+000
     189       1       1  1.740055779E+001  0.000000000E+000
     190       1       1  1.813287104E+001  0.000000000E+000
     191       1       1  1.887876399E+001  1.000000000E+002
     192       1       1  1.960240202E+001  0.000000000E+000
     193       1       1  2.032563045E+001  1.000000000E+002
     194       1       1  2.104380379E+001  0.000000000E+000
     195       1       1  2.175182791E+001  0.000000000E+000
     196       1       1  2.247630943E+001  0.000000000E+000
     197       1       1  2.315775858E+001  1.000000000E+002
     198       1       1  2.381461436E+001  0.000000000E+000
     199       1       1  2.448280934E+001  0.000000000E+000
     200       1       1  2.512793681E+001  0.000000000E+000
     201       1       1  2.570762238E+001  0.000000000E+000
     202       1       1  2.624882612E+001  0.000000000E+000
     203       1       1  2.674828260E+001  1.000000000E+002
     204       1       1  2.724212400E+001  0.000000000E+000
     205       1       1  2.766338304E+001  1.000000000E+002
     206       1       1  2.811594793E+001  1.000000000E+002
     207       1       1  2.847363143E+001  0.000000000E+000
     208       1       1  2.879498060E+001  0.000000000E+000
     209       1       1  2.908301892E+001  0.000000000E+000
     210       1       1  2.934149475E+001  0.000000000E+000
     211       1       1  2.960990467E+001  1.000000000E+002
     212       1       1  2.986901668E+001  1.000000000E+002
     213       1       1  3.009246989E+001  0.000000000E+000
     214       1       1  3.037952746E+001  0.000000000E+000
     215       1       1  3.065690191E+001  0.000000000E+000
     216       1       1  3.095852143E+001  1.000000000E+002
     217       1       1  3.126086384E+001  0.000000000E+000
     218       1       1  3.159443560E+001  0.000000000E+000
     219       1       1  3.198326438E+001  0.000000000E+000
     220       1       1  3.241267056E+001  0.000000000E+000
     221       1       1  3.288864979E+001  0.000000000E+000
     222       1       1  3.339021242E+001  0.000000000E+000
     223       1       1  3.400949995E+001  1.000000000E+002
     224       1       1  3.472949299E+001  1.000000000E+002
     225       1       1  3.552407969E+001  0.000000000E+000
     226       1       1  3.635867216E+001  0.000000000E+000
     227       1       1  3.726330050E+001  0.000000000E+000
     228       1       1  3.831321875E+001  0.000000000E+000
     229       1       1  3.942129171E+001  1.000000000E+002
     230       1       1  4.065541907E+001  0.000000000E+000
     231       1       1  4.189029950E+001  1.000000000E+002
     232       1       1  4.325181745E+001  1.000000000E+002
     233       1       1  4.465294192E+001  0.000000000E+000
     234       1       1  4.627607399E+001  0.000000000E+000
     235       1       1  4.792526353E+001  0.000000000E+000
     236       1       1  4.969555144E+001  1.000000000E+002
     237       1       1  5.166294975E+001  0.000000000E+000
     238       1       1  5.372890556E+001  2.000000000E+002
     239       1       1  5.589116772E+001  0.000000000E+000
     240       1       1  5.834883223E+001  0.000000000E+000
     241       1       1  6.093033334E+001  0.000000000E+000
     242       1       1  6.366266009E+001  0.000000000E+000
     243       1       1  6.658729429E+001  1.000000000E+002
     244       1       1  6.992146301E+001  1.000000000E+002
     245       1       1  7.325100169E+001  0.000000000E+000
     246       1       1  7.687951221E+001  2.000000000E+002
     247       1       1  8.057003648E+001  1.000000000E+002
     248       1       1  8.458409617E+001  1.000000000E+002
     249       1       1  8.879656907E+001  0.000000000E+000
     250       1       1  9.319981960E+001  1.000000000E+002
     251       1       1  9.769163534E+001  0.000000000E+000
     252       1       1  1.026316929E+002  0.000000000E+000
     253       1       1  1.075548645E+002  0.000000000E+000
     254       1       1  1.127874608E+002  1.000000000E+002
     255       1       1  1.180586170E+002  2.000000000E+002
     256       1       1  1.234912230E+002  2.000000000E+002
     257       1       1  1.289268911E+002  1.000000000E+002
     258       1       1  1.344399805E+002  1.000000000E+002
     259       1       1  1.400719329E+002  3.000000000E+002
     260       1       1  1.458181123E+002  2.000000000E+002
     261       1       1  1.516443483E+002  3.000000000E+002
     262       1       1  1.574720125E+002  0.000000000E+000
     263       1       1  1.633326830E+002  2.000000000E+002
     264       1       1  1.694049828E+002  0.000000000E+000
     265       1       1  1.752684681E+002  3.000000000E+002
     266       1       1  1.812013706E+002  1.000000000E+002
     267       1       1  1.873546542E+002  2.000000000E+002
     268       1       1  1.934074918E+002  1.000000000E+002
     269       1       1  1.995101507E+002  0.000000000E+000
     270       1       1  2.057211905E+002  4.000000000E+002
     271       1       1  2.118996431E+002  3.000000000E+002
     272       1       1  2.181764694E+002  2.000000000E+002
     273       1       1  2.246854888E+002  2.000000000E+002
     274       1       1  2.313250010E+002  7.000000000E+002
     275       1       1  2.381168676E+002  0.000000000E+000
     276       1       1  2.449837442E+002  3.000000000E+002
     277       1       1  2.521889794E+002  0.000000000E+000
     278       1       1  2.599082761E+002  2.000000000E+002
     279       1       1  2.676784462E+002  2.000000000E+002
     280       1       1  2.760964364E+002  2.000000000E+002
     281       1       1  2.848136793E+002  6.000000000E+002
     282       1       1  2.941108049E+002  1.000000000E+002
     283       1       1  3.033995008E+002  5.000000000E+002
     284       1       1  3.132425715E+002  2.000000000E+002
     285       1       1  3.232853632E+002  3.000000000E+002
     286       1       1  3.333489344E+002  1.000000000E+002
     287       1       1  3.437162997E+002  1.000000000E+002
     288       1       1  3.542454325E+002  2.000000000E+002
     289       1       1  3.649853396E+002  4.000000000E+002
     290       1       1  3.758802006E+002  5.000000000E+002
     291       1       1  3.868734867E+002  4.000000000E+002
     292       1       1  3.978809055E+002  5.000000000E+002
     293       1       1  4.087960388E+002  1.000000000E+003
     294       1       1  4.198615850E+002  2.000000000E+002
     295       1       1  4.308222385E+002  3.000000000E+002
     296       1       1  4.423565528E+002  9.000000000E+002
     297       1       1  4.535505018E+002  4.000000000E+002
     298       1       1  4.650367006E+002  5.000000000E+002
     299       1       1  4.767116737E+002  5.000000000E+002
     300       1       1  4.886951616E+002  3.000000000E+002
     301       1       1  5.009962743E+002  1.000000000E+002
     302       1       1  5.136001607E+002  5.000000000E+002
     303       1       1  5.268075135E+002  4.000000000E+002
     304       1       1  5.405910596E+002  3.000000000E+002
     305       1       1  5.543856159E+002  3.000000000E+002
     306       1       1  5.687538202E+002  8.000000000E+002
     307       1       1  5.832427817E+002  3.000000000E+002
     308       1       1  5.982593826E+002  1.000000000E+003
     309       1       1  6.137454138E+002  8.000000000E+002
     310       1       1  6.292035103E+002  6.000000000E+002
     311       1       1  6.448150896E+002  9.000000000E+002
     312       1       1  6.607935318E+002  3.000000000E+002
     313       1       1  6.772728482E+002  1.100000000E+003
     314       1       1  6.935517324E+002  7.000000000E+002
     315       1       1  7.103035126E+002  1.000000000E+002
     316       1       1  7.273280488E+002  6.000000000E+002
     317       1       1  7.443575098E+002  6.000000000E+002
     318       1       1  7.622399854E+002  8.000000000E+002
     319       1       1  7.803345200E+002  1.000000000E+003
     320       1       1  7.991137932E+002  1.200000000E+003
     321       1       1  8.186999507E+002  9.000000000E+002
     322       1       1  8.391439759E+002  6.000000000E+002
     323       1       1  8.603081231E+002  7.000000000E+002
     324       1       1  8.827696393E+002  5.000000000E+002
     325       1       1  9.063319829E+002  1.100000000E+003
     326       1       1  9.309239879E+002  6.000000000E+002
     327       1       1  9.568199814E+002  7.000000000E+002
     328       1       1  9.843021068E+002  9.000000000E+002
     329       1       1  1.012832568E+003  7.000000000E+002
     330       1       1  1.042488918E+003  8.000000000E+002
     331       1       1  1.074073672E+003  1.200000000E+003
     332       1       1  1.106426110E+003  9.000000000E+002
     333       1       1  1.140169395E+003  1.400000000E+003
     334       1       1  1.174916767E+003  6.000000000E+002
     335       1       1  1.210379728E+003  1.500000000E+003
     336       1       1  1.246866038E+003  1.300000000E+003
     337       1       1  1.284312008E+003  1.200000000E+003
     338       1       1  1.322095752E+003  9.000000000E+002
     339       1       1  1.360462132E+003  1.400000000E+003
     340       1       1  1.399749485E+003  2.100000000E+003
     341       1       1  1.439293223E+003  1.200000000E+003
     342       1       1  1.479379135E+003  1.600000000E+003
     343       1       1  1.519294795E+003  1.300000000E+003
     344       1       1  1.559749319E+003  1.500000000E+003
     345       1       1  1.600062018E+003  1.200000000E+003
     346       1       1  1.640498675E+003  1.200000000E+003
     347       1       1  1.680732521E+003  2.200000000E+003
     348       1       1  1.720988678E+003  1.900000000E+003
     349       1       1  1.761573730E+003  1.000000000E+003
     350       1       1  1.802532523E+003  2.600000000E+003
     351       1       1  1.843829065E+003  1.800000000E+003
     352       1       1  1.885615348E+003  2.100000000E+003
     353       1       1  1.927605526E+003  2.200000000E+003
     354       1       1  1.970342929E+003  2.300000000E+003
     355       1       1  2.013867866E+003  2.000000000E+003
     356       1       1  2.058513737E+003  2.000000000E+003
     357       1       1  2.104269073E+003  2.100000000E+003
     358       1       1  2.150746305E+003  2.100000000E+003
     359       1       1  2.199133630E+003  1.800000000E+003
     360       1       1  2.248837284E+003  2.700000000E+003
     361       1       1  2.300929293E+003  1.900000000E+003
     362       1       1  2.354620491E+003  1.400000000E+003
     363       1       1  2.410335566E+003  1.600000000E+003
     364       1       1  2.468356363E+003  2.000000000E+003
     365       1       1  2.528992823E+003  2.700000000E+003
     366       1       1  2.591786217E+003  3.300000000E+003
     367       1       1  2.656607820E+003  3.100000000E+003
     368       1       1  2.724481727E+003  2.300000000E+003
     369       1       1  2.794666121E+003  2.100000000E+003
     370       1       1  2.867536668E+003  3.600000000E+003
     371       1       1  2.942446803E+003  1.900000000E+003
     372       1       1  3.019421905E+003  1.900000000E+003
     373       1       1  3.098142387E+003  3.000000000E+003
     374       1       1  3.179232517E+003  3.600000000E+003
     375       1       1  3.261775718E+003  3.800000000E+003
     376       1       1  3.345207429E+003  3.200000000E+003
     377       1       1  3.430222085E+003  4.000000000E+003
     378       1       1  3.515488597E+003  2.600000000E+003
     379       1       1  3.601576777E+003  3.500000000E+003
     380       1       1  3.687690826E+003  2.700000000E+003
     381       1       1  3.774304531E+003  3.000000000E+003
     382       1       1  3.860516830E+003  4.100000000E+003
     383       1       1  3.946139679E+003  4.900000000E+003
     384       1       1  4.031378280E+003  4.700000000E+003
     385       1       1  4.115781458E+003  4.800000000E+003
     386       1       1  4.199765280E+003  4.100000000E+003
     387       1       1  4.282830341E+003  4.500000000E+003
     388       1       1  4.365084544E+003  5.300000000E+003
     389       1       1  4.447040183E+003  4.500000000E+003
     390       1       1  4.528008364E+003  5.200000000E+003
     391       1       1  4.609100428E+003  3.500000000E+003
     392       1       1  4.690019446E+003  5.300000000E+003
     393       1       1  4.770110368E+003  4.000000000E+003
     394       1       1  4.850715305E+003  6.000000000E+003
     395       1       1  4.931964830E+003  4.900000000E+003
     396       1       1  5.014180487E+003  4.200000000E+003
     397       1       1  5.097224215E+003  5.000000000E+003
     398       1       1  5.181107599E+003  4.900000000E+003
     399       1       1  5.266003812E+003  3.700000000E+003
     400       1       1  5.352321694E+003  4.200000000E+003
     401       1       1  5.440575094E+003  6.100000000E+003
     402       1       1  5.531753799E+003  5.600000000E+003
     403       1       1  5.625451799E+003  6.400000000E+003
     404       1       1  5.720928192E+003  6.100000000E+003
     405       1       1  5.820103935E+003  6.400000000E+003
     406       1       1  5.922163651E+003  4.700000000E+003
     407       1       1  6.026151236E+003  7.200000000E+003
     408       1       1  6.134068962E+003  6.300000000E+003
     409       1       1  6.245354752E+003  5.200000000E+003
     410       1       1  6.360461037E+003  5.500000000E+003
     411       1       1  6.478742577E+003  5.300000000E+003
     412       1       1  6.601790261E+003  6.500000000E+003
     413       1       1  6.728118779E+003  6.600000000E+003
     414       1       1  6.857981409E+003  7.600000000E+003
     415       1       1  6.991448169E+003  6.000000000E+003
     416       1       1  7.127726402E+003  7.000000000E+003
     417       1       1  7.267795511E+003  6.600000000E+003
     418       1       1  7.411497585E+003  6.500000000E+003
     419       1       1  7.559448930E+003  7.700000000E+003
     420       1       1  7.710291407E+003  7.300000000E+003
     421       1       1  7.863782825E+003  7.000000000E+003
     422       1       1  8.020059446E+003  8.500000000E+003
     423       1       1  8.179348638E+003  7.500000000E+003
     424       1       1  8.339871421E+003  9.500000000E+003
     425       1       1  8.503479472E+003  9.400000000E+003
     426       1       1  8.668245083E+003  8.000000000E+003
     427       1       1  8.835928205E+003  8.500000000E+003
     428       1       1  9.004397109E+003  9.100000000E+003
     429       1       1  9.175533128E+003  1.050000000E+004
     430       1       1  9.348270848E+003  8.700000000E+003
     431       1       1  9.522119578E+003  9.800000000E+003
     432       1       1  9.697235811E+003  9.100000000E+003
     433       1       1  9.874263621E+003  8.900000000E+003
     434       1       1  1.005270523E+004  9.000000000E+003
     435       1       1  1.023225649E+004  1.100000000E+004
     436       1       1  1.041240484E+004  1.130000000E+004
     437       1       1  1.059427733E+004  1.000000000E+004
     438       1       1  1.077789946E+004  1.150000000E+004
     439       1       1  1.096274038E+004  1.130000000E+004
     440       1       1  1.114854538E+004  8.700000000E+003
     441       1       1  1.133572272E+004  1.160000000E+004
     442       1       1  1.152337298E+004  1.150000000E+004
     443       1       1  1.171304274E+004  1.190000000E+004
     444       1       1  1.190422995E+004  1.130000000E+004
     445       1       1  1.209508246E+004  1.360000000E+004
     446       1       1  1.228671283E+004  1.290000000E+004
     447       1       1  1.247927500E+004  1.170000000E+004
     448       1       1  1.267205753E+004  1.210000000E+004
     449       1       1  1.286590051E+004  1.090000000E+004
     450       1       1  1.306056259E+004  1.280000000E+004
     451       1       1  1.325676302E+004  1.340000000E+004
     452       1       1  1.345333210E+004  1.640000000E+004
     453       1       1  1.365050518E+004  1.460000000E+004
     454       1       1  1.384725073E+004  1.400000000E+004
     455       1       1  1.404651681E+004  1.470000000E+004
     456       1       1  1.424665433E+004  1.510000000E+004
     457       1       1  1.444751022E+004  1.210000000E+004
     458       1       1  1.465001834E+004  1.390000000E+004
     459       1       1  1.485374876E+004  1.320000000E+004
     460       1       1  1.505961967E+004  1.560000000E+004
     461       1       1  1.526759041E+004  1.440000000E+004
     462       1       1  1.547733728E+004  1.660000000E+004
     463       1       1  1.568861415E+004  1.600000000E+004
     464       1       1  1.590288010E+004  1.560000000E+004
     465       1       1  1.611855650E+004  1.510000000E+004
     466       1       1  1.633637458E+004  1.600000000E+004
     467       1       1  1.655588974E+004  1.690000000E+004
     468       1       1  1.677664929E+004  1.770000000E+004
     469       1       1  1.699784021E+004  1.470000000E+004
     470       1       1  1.721898065E+004  1.710000000E+004
     471       1       1  1.744229144E+004  1.820000000E+004
     472       1       1  1.766571142E+004  1.820000000E+004
     473       1       1  1.788942445E+004  1.610000000E+004
     474       1       1  1.811385059E+004  1.960000000E+004
     475       1       1  1.833668389E+004  1.670000000E+004
     476       1       1  1.855903327E+004  1.950000000E+004
     477       1       1  1.878021039E+004  2.170000000E+004
     478       1       1  1.900059660E+004  1.760000000E+004
     479       1       1  1.922022274E+004  1.920000000E+004
     480       1       1  1.943834131E+004  2.000000000E+004
     481       1       1  1.965613721E+004  1.940000000E+004
     482       1       1  1.987401063E+004  1.940000000E+004
     483       1       1  2.009123081E+004  2.120000000E+004
     484       1       1  2.030723795E+004  2.330000000E+004
     485       1       1  2.052364685E+004  2.150000000E+004
     486       1       1  2.073959946E+004  2.160000000E+004
     487       1       1  2.095770324E+004  1.680000000E+004
     488       1       1  2.117640031E+004  2.200000000E+004
     489       1       1  2.139672507E+004  2.210000000E+004
     490       1       1  2.161844282E+004  1.900000000E+004
     491       1       1  2.184333624E+004  2.180000000E+004
     492       1       1  2.206866356E+004  2.020000000E+004
     493       1       1  2.229709790E+004  2.060000000E+004
     494       1       1  2.252607860E+004  2.250000000E+004
     495       1       1  2.275742519E+004  2.280000000E+004
     496       1       1  2.298956574E+004  2.280000000E+004
     497       1       1  2.322321022E+004  2.450000000E+004
     498       1       1  2.345820596E+004  2.400000000E+004
     499       1       1  2.369368687E+004  2.450000000E+004
     500       1       1  2.392889559E+004  2.460000000E+004
     501       1       1  2.416337520E+004  2.420000000E+004
     502       1       1  2.439761778E+004  2.370000000E+004
     503       1       1  2.463101750E+004  2.100000000E+004
     504       1       1  2.486253589E+004  2.560000000E+004
     505       1       1  2.509262331E+004  2.640000000E+004
     506       1       1  2.532075718E+004  2.680000000E+004
     507       1       1  2.554832760E+004  2.740000000E+004
     508       1       1  2.577230692E+004  2.660000000E+004
     509       1       1  2.599667408E+004  2.690000000E+004
     510       1       1  2.621832478E+004  2.600000000E+004
     511       1       1  2.643902106E+004  2.600000000E+004
     512       1       1  2.666123443E+004  2.880000000E+004
     513       1       1  2.687150346E+004  2.550000000E+004
     514       1       1  2.709316909E+004  2.630000000E+004
     515       1       1  2.731589916E+004  2.930000000E+004
     516       1       1  2.754073223E+004  2.710000000E+004
     517       1       1  2.776679566E+004  2.570000000E+004
     518       1       1  2.799564027E+004  2.730000000E+004
     519       1       1  2.822589492E+004  2.680000000E+004
     520       1       1  2.845950141E+004  2.910000000E+004
     521       1       1  2.869729610E+004  2.660000000E+004
     522       1       1  2.893589501E+004  2.850000000E+004
     523       1       1  2.917788483E+004  2.820000000E+004
     524       1       1  2.942415838E+004  3.030000000E+004
     525       1       1  2.967028142E+004  2.770000000E+004
     526       1       1  2.992048884E+004  3.170000000E+004
     527       1       1  3.017189774E+004  2.960000000E+004
     528       1       1  3.042352547E+004  3.080000000E+004
     529       1       1  3.067652841E+004  3.070000000E+004
     530       1       1  3.093041729E+004  3.110000000E+004
     531       1       1  3.118230099E+004  3.250000000E+004
     532       1       1  3.143466172E+004  3.210000000E+004
     533       1       1  3.168527297E+004  3.200000000E+004
     534       1       1  3.193412272E+004  3.160000000E+004
     535       1       1  3.218134158E+004  3.390000000E+004
     536       1       1  3.242617265E+004  3.150000000E+004
     537       1       1  3.266745221E+004  3.260000000E+004
     538       1       1  3.290582024E+004  3.390000000E+004
     539       1       1  3.314061483E+004  3.250000000E+004
     540       1       1  3.337051783E+004  3.440000000E+004
     541       1       1  3.359758214E+004  3.110000000E+004
     542       1       1  3.382044177E+004  3.490000000E+004
     543       1       1  3.403704514E+004  3.250000000E+004
     544       1       1  3.425000242E+004  3.430000000E+004
     545       1       1  3.445844155E+004  3.680000000E+004
     546       1       1  3.466117598E+004  3.540000000E+004
     547       1       1  3.485918625E+004  3.520000000E+004
     548       1       1  3.505246907E+004  3.700000000E+004
     549       1       1  3.523931114E+004  3.630000000E+004
     550       1       1  3.542445448E+004  3.850000000E+004
     551       1       1  3.560296608E+004  3.330000000E+004
     552       1       1  3.577788167E+004  3.530000000E+004
     553       1       1  3.594608059E+004  3.560000000E+004
     554       1       1  3.610942416E+004  3.460000000E+004
     555       1       1  3.626827322E+004  3.630000000E+004
     556       1       1  3.642059907E+004  3.830000000E+004
     557       1       1  3.656857939E+004  3.380000000E+004
     558       1       1  3.671026233E+004  3.850000000E+004
     559       1       1  3.684947276E+004  3.750000000E+004
     560       1       1  3.698232373E+004  3.630000000E+004
     561       1       1  3.711004855E+004  3.820000000E+004
     562       1       1  3.723104327E+004  3.950000000E+004
     563       1       1  3.734733820E+004  3.570000000E+004
     564       1       1  3.745768881E+004  3.870000000E+004
     565       1       1  3.756415977E+004  3.750000000E+004
     566       1       1  3.766464987E+004  3.750000000E+004
     567       1       1  3.776307615E+004  3.870000000E+004
     568       1       1  3.785696693E+004  3.880000000E+004
     569       1       1  3.794262333E+004  3.570000000E+004
     570       1       1  3.802706630E+004  4.080000000E+004
     571       1       1  3.810843554E+004  4.050000000E+004
     572       1       1  3.818447113E+004  3.730000000E+004
     573       1       1  3.825838109E+004  4.070000000E+004
     574       1       1  3.832896435E+004  3.940000000E+004
     575       1       1  3.839732371E+004  3.460000000E+004
     576       1       1  3.846290514E+004  3.720000000E+004
     577       1       1  3.852679324E+004  3.810000000E+004
     578       1       1  3.858839728E+004  3.780000000E+004
     579       1       1  3.863657367E+004  3.610000000E+004
     580       1       1  3.869506163E+004  3.820000000E+004
     581       1       1  3.875128336E+004  3.690000000E+004
     582       1       1  3.880630865E+004  4.420000000E+004
     583       1       1  3.885961981E+004  3.830000000E+004
     584       1       1  3.891312700E+004  4.340000000E+004
     585       1       1  3.896645164E+004  3.780000000E+004
     586       1       1  3.901846811E+004  4.000000000E+004
     587       1       1  3.906924907E+004  3.930000000E+004
     588       1       1  3.911882803E+004  3.690000000E+004
     589       1       1  3.916534458E+004  3.900000000E+004
     590       1       1  3.921293659E+004  3.740000000E+004
     591       1       1  3.927063992E+004  4.270000000E+004
     592       1       1  3.931505817E+004  4.140000000E+004
     593       1       1  3.935807818E+004  3.910000000E+004
     594       1       1  3.939881847E+004  3.580000000E+004
     595       1       1  3.943759394E+004  3.750000000E+004
     596       1       1  3.947596086E+004  3.610000000E+004
     597       1       1  3.950965978E+004  4.070000000E+004
     598       1       1  3.954155993E+004  3.750000000E+004
     599       1       1  3.957009474E+004  4.480000000E+004
     600       1       1  3.959395350E+004  4.340000000E+004
     601       1       1  3.961359594E+004  3.420000000E+004
     602       1       1  3.963018433E+004  4.110000000E+004
     603       1       1  3.964016526E+004  4.350000000E+004
     604       1       1  3.964468709E+004  3.880000000E+004
     605       1       1  3.964513766E+004  4.070000000E+004
     606       1       1  3.963881799E+004  4.060000000E+004
     607       1       1  3.962650089E+004  3.920000000E+004
     608       1       1  3.960972848E+004  4.080000000E+004
     609       1       1  3.958539220E+004  3.980000000E+004
     610       1       1  3.955385988E+004  3.990000000E+004
     611       1       1  3.951552434E+004  3.950000000E+004
     612       1       1  3.947166661E+004  3.980000000E+004
     613       1       1  3.941995508E+004  3.880000000E+004
     614       1       1  3.936389583E+004  3.820000000E+004
     615       1       1  3.929856658E+004  3.880000000E+004
     616       1       1  3.922954278E+004  3.780000000E+004
     617       1       1  3.915328220E+004  4.270000000E+004
     618       1       1  3.907531773E+004  4.160000000E+004
     619       1       1  3.899138588E+004  3.970000000E+004
     620       1       1  3.890409295E+004  4.050000000E+004
     621       1       1  3.881305687E+004  3.640000000E+004
     622       1       1  3.871833175E+004  3.830000000E+004
     623       1       1  3.862114806E+004  4.080000000E+004
     624       1       1  3.851839209E+004  3.800000000E+004
     625       1       1  3.841438997E+004  3.890000000E+004
     626       1       1  3.830776324E+004  3.730000000E+004
     627       1       1  3.820012963E+004  3.740000000E+004
     628       1       1  3.809108084E+004  3.820000000E+004
     629       1       1  3.797959204E+004  3.940000000E+004
     630       1       1  3.786465349E+004  3.550000000E+004
     631       1       1  3.774883890E+004  3.800000000E+004
     632       1       1  3.762820478E+004  3.770000000E+004
     633       1       1  3.750718370E+004  3.580000000E+004
     634       1       1  3.738612543E+004  3.590000000E+004
     635       1       1  3.726120141E+004  3.800000000E+004
     636       1       1  3.713166541E+004  3.840000000E+004
     637       1       1  3.700242957E+004  3.680000000E+004
     638       1       1  3.687030245E+004  3.850000000E+004
     639       1       1  3.673618085E+004  3.940000000E+004
     640       1       1  3.659981394E+004  3.760000000E+004
     641       1       1  3.646107069E+004  3.860000000E+004
     642       1       1  3.631926427E+004  3.810000000E+004
     643       1       1  3.617565197E+004  3.630000000E+004
     644       1       1  3.603049693E+004  3.460000000E+004
     645       1       1  3.588224883E+004  3.580000000E+004
     646       1       1  3.573295860E+004  3.300000000E+004
     647       1       1  3.558158753E+004  3.740000000E+004
     648       1       1  3.542717225E+004  3.310000000E+004
     649       1       1  3.527133676E+004  3.200000000E+004
     650       1       1  3.511036460E+004  3.170000000E+004
     651       1       1  3.494731537E+004  3.630000000E+004
     652       1       1  3.478151933E+004  3.450000000E+004
     653       1       1  3.461017619E+004  3.670000000E+004
     654       1       1  3.443675167E+004  3.460000000E+004
     655       1       1  3.425773918E+004  3.690000000E+004
     656       1       1  3.407340746E+004  3.710000000E+004
     657       1       1  3.389678063E+004  3.350000000E+004
     658       1       1  3.370319416E+004  3.560000000E+004
     659       1       1  3.350422047E+004  3.180000000E+004
     660       1       1  3.330048730E+004  3.310000000E+004
     661       1       1  3.309335807E+004  3.780000000E+004
     662       1       1  3.288028390E+004  3.420000000E+004
     663       1       1  3.266313969E+004  3.400000000E+004
     664       1       1  3.244341028E+004  3.300000000E+004
     665       1       1  3.222024673E+004  3.100000000E+004
     666       1       1  3.199502980E+004  3.310000000E+004
     667       1       1  3.176893975E+004  2.930000000E+004
     668       1       1  3.154123797E+004  3.240000000E+004
     669       1       1  3.131391918E+004  2.650000000E+004
     670       1       1  3.108505508E+004  3.000000000E+004
     671       1       1  3.085724937E+004  3.060000000E+004
     672       1       1  3.062890346E+004  3.130000000E+004
     673       1       1  3.040173932E+004  2.980000000E+004
     674       1       1  3.017629280E+004  3.120000000E+004
     675       1       1  2.995153912E+004  2.720000000E+004
     676       1       1  2.972739275E+004  2.910000000E+004
     677       1       1  2.950436800E+004  3.070000000E+004
     678       1       1  2.928276520E+004  2.800000000E+004
     679       1       1  2.906159784E+004  3.080000000E+004
     680       1       1  2.884032191E+004  3.060000000E+004
     681       1       1  2.861751097E+004  2.910000000E+004
     682       1       1  2.839518710E+004  3.150000000E+004
     683       1       1  2.817222578E+004  2.860000000E+004
     684       1       1  2.794854833E+004  2.940000000E+004
     685       1       1  2.772374846E+004  2.860000000E+004
     686       1       1  2.749832325E+004  2.380000000E+004
     687       1       1  2.727064820E+004  2.660000000E+004
     688       1       1  2.704244564E+004  2.590000000E+004
     689       1       1  2.681334757E+004  2.680000000E+004
     690       1       1  2.658392097E+004  2.570000000E+004
     691       1       1  2.635343208E+004  2.610000000E+004
     692       1       1  2.612275840E+004  2.590000000E+004
     693       1       1  2.589142127E+004  2.530000000E+004
     694       1       1  2.565927278E+004  2.940000000E+004
     695       1       1  2.542408018E+004  2.450000000E+004
     696       1       1  2.518996390E+004  2.490000000E+004
     697       1       1  2.495487964E+004  2.430000000E+004
     698       1       1  2.471923369E+004  2.480000000E+004
     699       1       1  2.448307294E+004  2.490000000E+004
     700       1       1  2.424513074E+004  2.550000000E+004
     701       1       1  2.400815181E+004  2.380000000E+004
     702       1       1  2.376966663E+004  2.770000000E+004
     703       1       1  2.353239342E+004  2.220000000E+004
     704       1       1  2.329303536E+004  2.280000000E+004
     705       1       1  2.305326802E+004  2.050000000E+004
     706       1       1  2.281357829E+004  2.220000000E+004
     707       1       1  2.257247997E+004  2.280000000E+004
     708       1       1  2.233204974E+004  2.260000000E+004
     709       1       1  2.209210663E+004  2.120000000E+004
     710       1       1  2.185192153E+004  2.120000000E+004
     711       1       1  2.161031838E+004  2.290000000E+004
     712       1       1  2.137067933E+004  2.410000000E+004
     713       1       1  2.113008135E+004  2.100000000E+004
     714       1       1  2.088988366E+004  2.050000000E+004
     715       1       1  2.065119778E+004  1.950000000E+004
     716       1       1  2.041238717E+004  1.910000000E+004
     717       1       1  2.017513812E+004  1.960000000E+004
     718       1       1  1.993874073E+004  2.230000000E+004
     719       1       1  1.970358080E+004  2.060000000E+004
     720       1       1  1.947083107E+004  1.800000000E+004
     721       1       1  1.923881970E+004  1.750000000E+004
     722       1       1  1.900832173E+004  1.950000000E+004
     723       1       1  1.877834760E+004  2.060000000E+004
     724       1       1  1.855101248E+004  1.680000000E+004
     725       1       1  1.832495202E+004  2.060000000E+004
     726       1       1  1.810139815E+004  1.760000000E+004
     727       1       1  1.787937119E+004  1.880000000E+004
     728       1       1  1.765892127E+004  1.550000000E+004
     729       1       1  1.744223796E+004  1.750000000E+004
     730       1       1  1.722684940E+004  1.650000000E+004
     731       1       1  1.701403612E+004  1.620000000E+004
     732       1       1  1.680368290E+004  1.550000000E+004
     733       1       1  1.659406876E+004  1.460000000E+004
     734       1       1  1.638650241E+004  1.670000000E+004
     735       1       1  1.618029676E+004  1.690000000E+004
     736       1       1  1.597478419E+004  1.730000000E+004
     737       1       1  1.577309924E+004  1.600000000E+004
     738       1       1  1.557249277E+004  1.640000000E+004
     739       1       1  1.537324335E+004  1.760000000E+004
     740       1       1  1.517407386E+004  1.270000000E+004
     741       1       1  1.497660890E+004  1.640000000E+004
     742       1       1  1.478039584E+004  1.450000000E+004
     743       1       1  1.458545324E+004  1.550000000E+004
     744       1       1  1.439123581E+004  1.220000000E+004
     745       1       1  1.419786126E+004  1.500000000E+004
     746       1       1  1.400595390E+004  1.340000000E+004
     747       1       1  1.381619703E+004  1.280000000E+004
     748       1       1  1.362789034E+004  1.410000000E+004
     749       1       1  1.344055048E+004  1.340000000E+004
     750       1       1  1.325500222E+004  1.280000000E+004
     751       1       1  1.307074480E+004  1.320000000E+004
     752       1       1  1.288717644E+004  1.280000000E+004
     753       1       1  1.270586050E+004  1.250000000E+004
     754       1       1  1.252598985E+004  1.350000000E+004
     755       1       1  1.234831731E+004  1.270000000E+004
     756       1       1  1.217097402E+004  1.030000000E+004
     757       1       1  1.199414281E+004  1.200000000E+004
     758       1       1  1.182021314E+004  1.070000000E+004
     759       1       1  1.164536357E+004  1.210000000E+004
     760       1       1  1.147249716E+004  1.020000000E+004
     761       1       1  1.130029317E+004  1.210000000E+004
     762       1       1  1.112915199E+004  1.210000000E+004
     763       1       1  1.095741938E+004  1.040000000E+004
     764       1       1  1.078672025E+004  1.160000000E+004
     765       1       1  1.061623716E+004  1.310000000E+004
     766       1       1  1.044576535E+004  9.500000000E+003
     767       1       1  1.027574455E+004  1.060000000E+004
     768       1       1  1.010544636E+004  8.200000000E+003
     769       1       1  9.935599093E+003  9.200000000E+003
     770       1       1  9.766222036E+003  1.090000000E+004
     771       1       1  9.597606856E+003  1.070000000E+004
     772       1       1  9.429931354E+003  9.100000000E+003
     773       1       1  9.262903983E+003  7.900000000E+003
     774       1       1  9.098115818E+003  1.000000000E+004
     775       1       1  8.933861727E+003  9.700000000E+003
     776       1       1  8.771651624E+003  8.600000000E+003
     777       1       1  8.611214283E+003  7.500000000E+003
     778       1       1  8.454134122E+003  8.000000000E+003
     779       1       1  8.298095707E+003  9.100000000E+003
     780       1       1  8.145182632E+003  8.200000000E+003
     781       1       1  7.995531782E+003  8.000000000E+003
     782       1       1  7.847735490E+003  6.100000000E+003
     783       1       1  7.703006588E+003  7.200000000E+003
     784       1       1  7.561503348E+003  7.300000000E+003
     785       1       1  7.422963682E+003  7.200000000E+003
     786       1       1  7.287226815E+003  7.400000000E+003
     787       1       1  7.154659660E+003  5.300000000E+003
     788       1       1  7.024187019E+003  7.800000000E+003
     789       1       1  6.896733900E+003  6.900000000E+003
     790       1       1  6.772144262E+003  5.800000000E+003
     791       1       1  6.648991659E+003  7.600000000E+003
     792       1       1  6.528327951E+003  5.800000000E+003
     793       1       1  6.408534272E+003  6.400000000E+003
     794       1       1  6.291100216E+003  7.500000000E+003
     795       1       1  6.174471833E+003  6.000000000E+003
     796       1       1  6.059004357E+003  5.400000000E+003
     797       1       1  5.945140471E+003  6.600000000E+003
     798       1       1  5.831939584E+003  6.200000000E+003
     799       1       1  5.719132950E+003  5.100000000E+003
     800       1       1  5.608301411E+003  5.300000000E+003
     801       1       1  5.497763832E+003  5.800000000E+003
     802       1       1  5.389144386E+003  5.900000000E+003
     803       1       1  5.280686998E+003  5.800000000E+003
     804       1       1  5.172488867E+003  4.700000000E+003
     805       1       1  5.065331269E+003  5.400000000E+003
     806       1       1  4.960106537E+003  5.100000000E+003
     807       1       1  4.856225010E+003  3.500000000E+003
     808       1       1  4.752823132E+003  4.800000000E+003
     809       1       1  4.651368761E+003  3.900000000E+003
     810       1       1  4.551687205E+003  4.500000000E+003
     811       1       1  4.454201260E+003  4.900000000E+003
     812       1       1  4.358385304E+003  3.900000000E+003
     813       1       1  4.263765443E+003  4.000000000E+003
     814       1       1  4.171357022E+003  5.100000000E+003
     815       1       1  4.081039850E+003  3.400000000E+003
     816       1       1  3.993468710E+003  3.200000000E+003
     817       1       1  3.907502503E+003  3.600000000E+003
     818       1       1  3.823738349E+003  4.100000000E+003
     819       1       1  3.742006065E+003  3.400000000E+003
     820       1       1  3.661785612E+003  4.200000000E+003
     821       1       1  3.584500311E+003  3.300000000E+003
     822       1       1  3.507715254E+003  3.800000000E+003
     823       1       1  3.433664183E+003  3.100000000E+003
     824       1       1  3.361586557E+003  3.000000000E+003
     825       1       1  3.290689716E+003  3.400000000E+003
     826       1       1  3.222384111E+003  2.300000000E+003
     827       1       1  3.155165440E+003  3.000000000E+003
     828       1       1  3.089064372E+003  3.300000000E+003
     829       1       1  3.024823406E+003  2.900000000E+003
     830       1       1  2.961950268E+003  2.800000000E+003
     831       1       1  2.900054930E+003  3.200000000E+003
     832       1       1  2.839407148E+003  2.900000000E+003
     833       1       1  2.780006477E+003  2.600000000E+003
     834       1       1  2.721221854E+003  2.500000000E+003
     835       1       1  2.663488726E+003  3.600000000E+003
     836       1       1  2.606758854E+003  2.700000000E+003
     837       1       1  2.550894913E+003  2.300000000E+003
     838       1       1  2.496286127E+003  1.900000000E+003
     839       1       1  2.441989094E+003  2.700000000E+003
     840       1       1  2.388663409E+003  2.000000000E+003
     841       1       1  2.336252653E+003  1.700000000E+003
     842       1       1  2.284234036E+003  2.700000000E+003
     843       1       1  2.233444457E+003  2.000000000E+003
     844       1       1  2.182897434E+003  2.600000000E+003
     845       1       1  2.132987939E+003  2.800000000E+003
     846       1       1  2.084122189E+003  1.600000000E+003
     847       1       1  2.035614064E+003  1.400000000E+003
     848       1       1  1.987459637E+003  1.600000000E+003
     849       1       1  1.940109159E+003  2.100000000E+003
     850       1       1  1.893506281E+003  2.100000000E+003
     851       1       1  1.847260317E+003  2.600000000E+003
     852       1       1  1.801255714E+003  2.200000000E+003
     853       1       1  1.756341533E+003  6.000000000E+002
     854       1       1  1.711345752E+003  1.800000000E+003
     855       1       1  1.667209609E+003  1.600000000E+003
     856       1       1  1.623425183E+003  1.200000000E+003
     857       1       1  1.580345794E+003  1.500000000E+003
     858       1       1  1.537774884E+003  2.400000000E+003
     859       1       1  1.495677666E+003  1.600000000E+003
     860       1       1  1.454650854E+003  1.500000000E+003
     861       1       1  1.414090892E+003  1.300000000E+003
     862       1       1  1.374176814E+003  1.100000000E+003
     863       1       1  1.335272705E+003  1.700000000E+003
     864       1       1  1.297254395E+003  1.400000000E+003
     865       1       1  1.260214324E+003  8.000000000E+002
     866       1       1  1.224554334E+003  9.000000000E+002
     867       1       1  1.190123315E+003  1.200000000E+003
     868       1       1  1.156735770E+003  1.000000000E+003
     869       1       1  1.124347666E+003  1.200000000E+003
     870       1       1  1.093178279E+003  5.000000000E+002
     871       1       1  1.063355587E+003  9.000000000E+002
     872       1       1  1.034675092E+003  6.000000000E+002
     873       1       1  1.006593231E+003  1.300000000E+003
     874       1       1  9.797020961E+002  7.000000000E+002
     875       1       1  9.535101917E+002  1.000000000E+003
     876       1       1  9.278445624E+002  1.200000000E+003
     877       1       1  9.030817002E+002  6.000000000E+002
     878       1       1  8.785287876E+002  1.000000000E+003
     879       1       1  8.544339664E+002  7.000000000E+002
     880       1       1  8.311945113E+002  8.000000000E+002
     881       1       1  8.084574299E+002  6.000000000E+002
     882       1       1  7.859966212E+002  1.600000000E+003
     883       1       1  7.638286227E+002  6.000000000E+002
     884       1       1  7.422242409E+002  8.000000000E+002
     885       1       1  7.209720515E+002  8.000000000E+002
     886       1       1  7.003830597E+002  6.000000000E+002
     887       1       1  6.808128256E+002  4.000000000E+002
     888       1       1  6.609973199E+002  4.000000000E+002
     889       1       1  6.426406340E+002  6.000000000E+002
     890       1       1  6.247442905E+002  5.000000000E+002
     891       1       1  6.072575954E+002  2.000000000E+002
     892       1       1  5.906854776E+002  2.000000000E+002
     893       1       1  5.747429804E+002  3.000000000E+002
     894       1       1  5.593587001E+002  8.000000000E+002
     895       1       1  5.445358156E+002  8.000000000E+002
     896       1       1  5.300474695E+002  5.000000000E+002
     897       1       1  5.159259895E+002  9.000000000E+002
     898       1       1  5.020469131E+002  3.000000000E+002
     899       1       1  4.886254734E+002  7.000000000E+002
     900       1       1  4.755007730E+002  7.000000000E+002
     901       1       1  4.624440202E+002  4.000000000E+002
     902       1       1  4.498219703E+002  6.000000000E+002
     903       1       1  4.371135923E+002  2.000000000E+002
     904       1       1  4.246679111E+002  5.000000000E+002
     905       1       1  4.127409747E+002  1.000000000E+002
     906       1       1  4.009610853E+002  6.000000000E+002
     907       1       1  3.894849556E+002  1.000000000E+002
     908       1       1  3.786112536E+002  1.000000000E+002
     909       1       1  3.675937726E+002  3.000000000E+002
     910       1       1  3.572039759E+002  5.000000000E+002
     911       1       1  3.471997812E+002  3.000000000E+002
     912       1       1  3.372294687E+002  3.000000000E+002
     913       1       1  3.280038168E+002  5.000000000E+002
     914       1       1  3.189629727E+002  3.000000000E+002
     915       1       1  3.100785434E+002  2.000000000E+002
     916       1       1  3.015126030E+002  3.000000000E+002
     917       1       1  2.931699944E+002  3.000000000E+002
     918       1       1  2.848919039E+002  6.000000000E+002
     919       1       1  2.766974432E+002  3.000000000E+002
     920       1       1  2.686069936E+002  3.000000000E+002
     921       1       1  2.606765964E+002  2.000000000E+002
     922       1       1  2.527396984E+002  2.000000000E+002
     923       1       1  2.448668767E+002  1.000000000E+002
     924       1       1  2.370951031E+002  2.000000000E+002
     925       1       1  2.295439657E+002  3.000000000E+002
     926       1       1  2.219812475E+002  1.000000000E+002
     927       1       1  2.147965486E+002  1.000000000E+002
     928       1       1  2.076008075E+002  3.000000000E+002
     929       1       1  2.005867371E+002  4.000000000E+002
     930       1       1  1.938612152E+002  3.000000000E+002
     931       1       1  1.872721179E+002  0.000000000E+000
     932       1       1  1.810234185E+002  1.000000000E+002
     933       1       1  1.748302582E+002  2.000000000E+002
     934       1       1  1.689459514E+002  1.000000000E+002
     935       1       1  1.632474389E+002  2.000000000E+002
     936       1       1  1.575781733E+002  1.000000000E+002
     937       1       1  1.522313075E+002  2.000000000E+002
     938       1       1  1.469967141E+002  4.000000000E+002
     939       1       1  1.418432937E+002  0.000000000E+000
     940       1       1  1.367759949E+002  0.000000000E+000
     941       1       1  1.319381528E+002  0.000000000E+000
     942       1       1  1.271794596E+002  1.000000000E+002
     943       1       1  1.224630959E+002  2.000000000E+002
     944       1       1  1.179023126E+002  1.000000000E+002
     945       1       1  1.134419366E+002  3.000000000E+002
     946       1       1  1.090814998E+002  0.000000000E+000
     947       1       1  1.047380644E+002  2.000000000E+002
     948       1       1  1.003741778E+002  2.000000000E+002
     949       1       1  9.619290577E+001  0.000000000E+000
     950       1       1  9.211780130E+001  1.000000000E+002
     951       1       1  8.811932859E+001  0.000000000E+000
     952       1       1  8.419825408E+001  0.000000000E+000
     953       1       1  8.039972413E+001  1.000000000E+002
     954       1       1  7.666344414E+001  3.000000000E+002
     955       1       1  7.301235949E+001  1.000000000E+002
     956       1       1  6.963520339E+001  0.000000000E+000
     957       1       1  6.633013394E+001  0.000000000E+000
     958       1       1  6.316785586E+001  0.000000000E+000
     959       1       1  6.010659983E+001  0.000000000E+000
     960       1       1  5.722482732E+001  0.000000000E+000
     961       1       1  5.452318378E+001  0.000000000E+000
     962       1       1  5.207094377E+001  1.000000000E+002
     963       1       1  4.976849727E+001  1.000000000E+002
     964       1       1  4.759413363E+001  0.000000000E+000
     965       1       1  4.558208107E+001  1.000000000E+002
     966       1       1  4.368149761E+001  0.000000000E+000
     967       1       1  4.194975275E+001  0.000000000E+000
     968       1       1  4.030901302E+001  1.000000000E+002
     969       1       1  3.872669609E+001  1.000000000E+002
     970       1       1  3.738982332E+001  0.000000000E+000
     971       1       1  3.612845417E+001  0.000000000E+000
     972       1       1  3.493696887E+001  0.000000000E+000
     973       1       1  3.377743419E+001  1.000000000E+002
     974       1       1  3.265202114E+001  0.000000000E+000
     975       1       1  3.166007635E+001  0.000000000E+000
     976       1       1  3.068611214E+001  0.000000000E+000
     977       1       1  2.970874279E+001  0.000000000E+000
     978       1       1  2.885996992E+001  0.000000000E+000
     979       1       1  2.798877527E+001  2.000000000E+002
     980       1       1  2.718316015E+001  0.000000000E+000
     981       1       1  2.644659197E+001  0.000000000E+000
     982       1       1  2.572942367E+001  0.000000000E+000
     983       1       1  2.504817208E+001  1.000000000E+002
     984       1       1  2.438822291E+001  0.000000000E+000
     985       1       1  2.372253155E+001  0.000000000E+000
     986       1       1  2.302978480E+001  0.000000000E+000
     987       1       1  2.243322001E+001  0.000000000E+000
     988       1       1  2.188445325E+001  0.000000000E+000
     989       1       1  2.134577698E+001  0.000000000E+000
     990       1       1  2.081674878E+001  0.000000000E+000
     991       1       1  2.029626330E+001  1.000000000E+002
     992       1       1  1.978270709E+001  0.000000000E+000
     993       1       1  1.927412068E+001  0.000000000E+000
     994       1       1  1.873721027E+001  0.000000000E+000
     995       1       1  1.822985175E+001  0.000000000E+000
     996       1       1  1.774154096E+001  1.000000000E+002
     997       1       1  1.724706882E+001  0.000000000E+000
     998       1       1  1.672177067E+001  0.000000000E+000
     999       1       1  1.622039444E+001  0.000000000E+000
    1000       1       1  1.571097383E+001  1.000000000E+002
    1001       1       1  1.516900316E+001  0.000000000E+000
    1002       1       1  1.462811376E+001  1.000000000E+002
    1003       1       1  1.411575513E+001  0.000000000E+000
    1004       1       1  1.359998233E+001  0.000000000E+000
    1005       1       1  1.308446406E+001  0.000000000E+000
    1006       1       1  1.254398863E+001  0.000000000E+000
    1007       1       1  1.204809589E+001  0.000000000E+000
    1008       1       1  1.156231653E+001  0.000000000E+000
    1009       1       1  1.109081684E+001  0.000000000E+000
    1010       1       1  1.063745043E+001  0.000000000E+000
    1011       1       1  1.020566047E+001  0.000000000E+000
    1012       1       1  9.798392177E+000  0.000000000E+000
    1013       1       1  9.365749164E+000  0.000000000E+000
    1014       1       1  9.027402248E+000  0.000000000E+000
    1015       1       1  8.715618899E+000  0.000000000E+000
    1016       1       1  8.431507557E+000  0.000000000E+000
    1017       1       1  8.144905816E+000  0.000000000E+000
    1018       1       1  7.923961686E+000  0.000000000E+000
    1019       1       1  7.727813886E+000  0.000000000E+000
    1020       1       1  7.555180418E+000  0.000000000E+000
    1021       1       1  7.404234578E+000  0.000000000E+000
    1022       1       1  7.272714870E+000  0.000000000E+000
    1023       1       1  7.158037909E+000  0.000000000E+000
    1024       1       1  7.057410239E+000  0.000000000E+000
    1025       1       1  6.967935444E+000  0.000000000E+000
    1026       1       1  6.886713468E+000  1.000000000E+002
    1027       1       1  6.785333805E+000  0.000000000E+000
    1028       1       1  6.718522682E+000  0.000000000E+000
    1029       1       1  6.650685863E+000  0.000000000E+000
    1030       1       1  6.579950400E+000  1.000000000E+002
    1031       1       1  6.504705540E+000  0.000000000E+000
    1032       1       1  6.423630313E+000  0.000000000E+000
    1033       1       1  6.309688646E+000  0.000000000E+000
    1034       1       1  6.220296007E+000  0.000000000E+000
    1035       1       1  6.121620116E+000  0.000000000E+000
    1036       1       1  6.013786931E+000  0.000000000E+000
    1037       1       1  5.897137270E+000  0.000000000E+000
    1038       1       1  5.746488596E+000  0.000000000E+000
    1039       1       1  5.619814356E+000  0.000000000E+000
    1040       1       1  5.485132773E+000  0.000000000E+000
    1041       1       1  5.321092659E+000  0.000000000E+000
    1042       1       1  5.178980001E+000  0.000000000E+000
    1043       1       1  5.031277042E+000  0.000000000E+000
    1044       1       1  4.879333698E+000  0.000000000E+000
    1045       1       1  4.724419087E+000  0.000000000E+000
    1046       1       1  4.567706618E+000  0.000000000E+000
    1047       1       1  4.410262555E+000  0.000000000E+000
    1048       1       1  4.253038079E+000  0.000000000E+000
    1049       1       1  4.096864793E+000  0.000000000E+000
    1050       1       1  3.942453482E+000  0.000000000E+000
    1051       1       1  3.790395890E+000  0.000000000E+000
    1052       1       1  3.641169178E+000  0.000000000E+000
    1053       1       1  3.495142676E+000  1.000000000E+002
    1054       1       1  3.352586530E+000  0.000000000E+000
    1055       1       1  3.213681778E+000  0.000000000E+000
    1056       1       1  3.078531449E+000  0.000000000E+000
    1057       1       1  2.947172225E+000  0.000000000E+000
    1058       1       1  2.819586286E+000  0.000000000E+000
    1059       1       1  2.695712954E+000  0.000000000E+000
    1060       1       1  2.575459836E+000  0.000000000E+000
    1061       1       1  2.458713174E+000  0.000000000E+000
    1062       1       1  2.345347201E+000  0.000000000E+000
    1063       1       1  2.235232343E+000  0.000000000E+000
    1064       1       1  2.128242156E+000  0.000000000E+000
    1065       1       1  2.024258954E+000  0.000000000E+000
    1066       1       1  1.923178126E+000  0.000000000E+000
    1067       1       1  1.824911172E+000  0.000000000E+000
    1068       1       1  1.729387547E+000  0.000000000E+000
    1069       1       1  1.636555401E+000  0.000000000E+000
    1070       1       1  1.546381364E+000  0.000000000E+000
    1071       1       1  1.458849498E+000  0.000000000E+000
    1072       1       1  1.373959574E+000  0.000000000E+000
    1073       1       1  1.271437605E+000  0.000000000E+000
    1074       1       1  1.195718752E+000  0.000000000E+000
    1075       1       1  1.122044449E+000  0.000000000E+000
    1076       1       1  1.050555126E+000  0.000000000E+000
    1077       1       1  9.813799942E-001  0.000000000E+000
    1078       1       1  9.146354372E-001  0.000000000E+000
    1079       1       1  8.302537906E-001  0.000000000E+000
    1080       1       1  7.723067988E-001  0.000000000E+000
    1081       1       1  7.164454856E-001  0.000000000E+000
    1082       1       1  6.628125828E-001  0.000000000E+000
    1083       1       1  6.115227803E-001  0.000000000E+000
    1084       1       1  5.626636211E-001  0.000000000E+000
    1085       1       1  5.162966834E-001  0.000000000E+000
    1086       1       1  4.724590095E-001  0.000000000E+000
    1087       1       1  4.311647387E-001  0.000000000E+000
    1088       1       1  3.924069035E-001  0.000000000E+000
    1089       1       1  3.561593445E-001  0.000000000E+000
    1090       1       1  3.223787070E-001  0.000000000E+000
    1091       1       1  2.910064776E-001  0.000000000E+000
    1092       1       1  2.619710282E-001  0.000000000E+000
    1093       1       1  2.351896331E-001  0.000000000E+000
    1094       1       1  2.105704310E-001  0.000000000E+000
    1095       1       1  1.880143072E-001  0.000000000E+000
    1096       1       1  1.674166752E-001  0.000000000E+000
    1097       1       1  1.486691397E-001  0.000000000E+000
    1098       1       1  1.316610291E-001  0.000000000E+000
    1099       1       1  1.162807873E-001  0.000000000E+000
    1100       1       1  1.024172200E-001  0.000000000E+000
    1101       1       1  8.996059187E-002  0.000000000E+000
    1102       1       1  7.880357614E-002  0.000000000E+000
    1103       1       1  6.884205882E-002  0.000000000E+000
    1104       1       1  5.997580351E-002  0.000000000E+000
    1105       1       1  5.210898348E-002  0.000000000E+000
    1106       1       1  4.515058990E-002  0.000000000E+000
    1107       1       1  3.901472568E-002  0.000000000E+000
    1108       1       1  3.362079571E-002  0.000000000E+000
    1109       1       1  2.889360419E-002  0.000000000E+000
    1110       1       1  2.476337029E-002  0.000000000E+000
    1111       1       1  2.116567317E-002  0.000000000E+000
